0 info it worked if it ends with ok
1 verbose cli [ '/usr/bin/nodejs', '/usr/bin/npm', 'i', '-g', 'yarn' ]
2 info using npm@3.5.2
3 info using node@v4.2.6
4 silly loadCurrentTree Starting
5 silly install loadCurrentTree
6 silly install readGlobalPackageData
7 silly fetchPackageMetaData yarn
8 silly fetchNamedPackageData yarn
9 silly mapToRegistry name yarn
10 silly mapToRegistry using default registry
11 silly mapToRegistry registry https://registry.npmjs.org/
12 silly mapToRegistry uri https://registry.npmjs.org/yarn
13 verbose request uri https://registry.npmjs.org/yarn
14 verbose request no auth needed
15 info attempt registry request try #1 at 5:46:01 PM
16 verbose request id 56af2f6c98e21b62
17 http request GET https://registry.npmjs.org/yarn
18 http 200 https://registry.npmjs.org/yarn
19 verbose headers { 'content-type': 'application/json; charset=UTF-8',
19 verbose headers   server: 'UploadServer',
19 verbose headers   'cache-control': 'max-age=300',
19 verbose headers   'last-modified': 'Mon, 8 Jan 2018 0:12:26 GMT',
19 verbose headers   etag: '"5a52b76a-339df"',
19 verbose headers   'content-encoding': 'gzip',
19 verbose headers   'content-length': '12437',
19 verbose headers   'accept-ranges': 'bytes',
19 verbose headers   date: 'Tue, 09 Jan 2018 22:46:02 GMT',
19 verbose headers   via: '1.1 varnish',
19 verbose headers   age: '8692',
19 verbose headers   connection: 'keep-alive',
19 verbose headers   'x-served-by': 'cache-dca17729-DCA',
19 verbose headers   'x-cache': 'HIT',
19 verbose headers   'x-cache-hits': '38',
19 verbose headers   'x-timer': 'S1515537962.076086,VS0,VE0',
19 verbose headers   vary: 'Accept-Encoding, Accept' }
20 silly get cb [ 200,
20 silly get   { 'content-type': 'application/json; charset=UTF-8',
20 silly get     server: 'UploadServer',
20 silly get     'cache-control': 'max-age=300',
20 silly get     'last-modified': 'Mon, 8 Jan 2018 0:12:26 GMT',
20 silly get     etag: '"5a52b76a-339df"',
20 silly get     'content-encoding': 'gzip',
20 silly get     'content-length': '12437',
20 silly get     'accept-ranges': 'bytes',
20 silly get     date: 'Tue, 09 Jan 2018 22:46:02 GMT',
20 silly get     via: '1.1 varnish',
20 silly get     age: '8692',
20 silly get     connection: 'keep-alive',
20 silly get     'x-served-by': 'cache-dca17729-DCA',
20 silly get     'x-cache': 'HIT',
20 silly get     'x-cache-hits': '38',
20 silly get     'x-timer': 'S1515537962.076086,VS0,VE0',
20 silly get     vary: 'Accept-Encoding, Accept' } ]
21 verbose get saving yarn to /home/jake/.npm/registry.npmjs.org/yarn/.cache.json
22 verbose makeDirectory /home/jake/.npm creation not in flight; initializing
23 silly makeDirectory /home/jake/.npm uid: 1000 gid: 1000
24 silly install normalizeTree
25 silly loadCurrentTree Finishing
26 silly loadIdealTree Starting
27 silly install loadIdealTree
28 silly cloneCurrentTree Starting
29 silly install cloneCurrentTreeToIdealTree
30 silly cloneCurrentTree Finishing
31 silly loadShrinkwrap Starting
32 silly install loadShrinkwrap
33 silly loadShrinkwrap Finishing
34 silly loadAllDepsIntoIdealTree Starting
35 silly install loadAllDepsIntoIdealTree
36 silly resolveWithNewModule yarn@1.3.2 checking installable status
37 silly cache add args [ 'yarn', null ]
38 verbose cache add spec yarn
39 silly cache add parsed spec Result {
39 silly cache add   raw: 'yarn',
39 silly cache add   scope: null,
39 silly cache add   name: 'yarn',
39 silly cache add   rawSpec: '',
39 silly cache add   spec: 'latest',
39 silly cache add   type: 'tag' }
40 silly addNamed yarn@latest
41 verbose addNamed "latest" is being treated as a dist-tag for yarn
42 info addNameTag [ 'yarn', 'latest' ]
43 silly mapToRegistry name yarn
44 silly mapToRegistry using default registry
45 silly mapToRegistry registry https://registry.npmjs.org/
46 silly mapToRegistry uri https://registry.npmjs.org/yarn
47 verbose addNameTag registry:https://registry.npmjs.org/yarn not in flight; fetching
48 verbose get https://registry.npmjs.org/yarn not expired, no request
49 silly addNameTag next cb for yarn with tag latest
50 silly addNamed yarn@1.3.2
51 verbose addNamed "1.3.2" is a plain semver version for yarn
52 warn deprecated yarn@1.3.2: It is recommended to install Yarn using the native installation method for your environment. See https://yarnpkg.com/en/docs/install
53 silly mapToRegistry name yarn
54 silly mapToRegistry using default registry
55 silly mapToRegistry registry https://registry.npmjs.org/
56 silly mapToRegistry uri https://registry.npmjs.org/yarn
57 verbose addRemoteTarball https://registry.npmjs.org/yarn/-/yarn-1.3.2.tgz not in flight; adding
58 verbose addRemoteTarball [ 'https://registry.npmjs.org/yarn/-/yarn-1.3.2.tgz',
58 verbose addRemoteTarball   '5939762581b5b4ddcd3418c0f6be42df3aee195f' ]
59 info retry fetch attempt 1 at 5:46:02 PM
60 info attempt registry request try #1 at 5:46:02 PM
61 http fetch GET https://registry.npmjs.org/yarn/-/yarn-1.3.2.tgz
62 http fetch 200 https://registry.npmjs.org/yarn/-/yarn-1.3.2.tgz
63 silly fetchAndShaCheck shasum 5939762581b5b4ddcd3418c0f6be42df3aee195f
64 verbose addTmpTarball /tmp/npm-14856-cd29512e/registry.npmjs.org/yarn/-/yarn-1.3.2.tgz not in flight; adding
65 verbose addTmpTarball already have metadata; skipping unpack for yarn@1.3.2
66 silly cache afterAdd yarn@1.3.2
67 verbose afterAdd /home/jake/.npm/yarn/1.3.2/package/package.json not in flight; writing
68 verbose afterAdd /home/jake/.npm/yarn/1.3.2/package/package.json written
69 silly loadAllDepsIntoIdealTree Finishing
70 silly idealTree:prePrune lib
70 silly idealTree:prePrune └── yarn@1.3.2
71 silly loadIdealTree Finishing
72 silly currentTree lib
73 silly idealTree lib
73 silly idealTree └── yarn@1.3.2
74 silly generateActionsToTake Starting
75 silly install generateActionsToTake
76 warn checkPermissions Missing write access to /usr/local/lib
77 silly rollbackFailedOptional Starting
78 silly rollbackFailedOptional Finishing
79 silly runTopLevelLifecycles Starting
80 silly runTopLevelLifecycles Finishing
81 silly install printInstalled
82 verbose stack Error: EACCES: permission denied, access '/usr/local/lib'
82 verbose stack     at Error (native)
83 verbose cwd /home/jake/dev/data-prism
84 error Linux 4.10.0-42-generic
85 error argv "/usr/bin/nodejs" "/usr/bin/npm" "i" "-g" "yarn"
86 error node v4.2.6
87 error npm  v3.5.2
88 error path /usr/local/lib
89 error code EACCES
90 error errno -13
91 error syscall access
92 error Error: EACCES: permission denied, access '/usr/local/lib'
92 error     at Error (native)
92 error  { [Error: EACCES: permission denied, access '/usr/local/lib']
92 error   errno: -13,
92 error   code: 'EACCES',
92 error   syscall: 'access',
92 error   path: '/usr/local/lib' }
93 error Please try running this command again as root/Administrator.
94 verbose exit [ -13, true ]
